activating the configuration...
setting up /etc...
reloading user units for cameron...
restarting sysinit-reactivation.target
reloading the following units: dbus.service
restarting the following units: polkit.service
em-path.drv
  /nix/store/r8iaapmdyipiwrdxm1f6i3n6ppagkpp9-X-Restart-Triggers-polkit.drv
  /nix/store/aajgswd70cpmr3crjf7f4zypw7kald9m-unit-polkit.service.drv
  /nix/store/krbkv2cfwz4q3w1q3z5zq7j60nii08m9-dbus-1.drv
  /nix/store/ib63nndmiirv796yx7l80mrcwv8k67j8-X-Restart-Triggers-dbus.drv
  /nix/store/qzwkqmkb97awwkpc8nbqq0n3zlz7iv4z-unit-dbus.service.drv
  /nix/store/61jf3hygc69s8y918zvvcaib8z8iqamz-system-units.drv
  /nix/store/b4k0j4s3gisgcnn8ld6a0py7djdvz3mq-unit-dbus.service.drv
  /nix/store/hnfc13d0mwpslgw42rv01pbvhkdk9qdc-user-units.drv
  /nix/store/nqk7bras10y8p5hkjinhwkfnaqp0wwq4-etc.drv
  /nix/store/1yzd2mdwvrfh84w0gywma6f05hcjq3gm-nixos-system-targaryen-24.05.20240303.b8697e5.drv
building '/nix/store/661l2v28ql7z9ix9azk99x80ppihac0a-system-path.drv'...
building '/nix/store/r8iaapmdyipiwrdxm1f6i3n6ppagkpp9-X-Restart-Triggers-polkit.drv'...
building '/nix/store/krbkv2cfwz4q3w1q3z5zq7j60nii08m9-dbus-1.drv'...
building '/nix/store/aajgswd70cpmr3crjf7f4zypw7kald9m-unit-polkit.service.drv'...
building '/nix/store/ib63nndmiirv796yx7l80mrcwv8k67j8-X-Restart-Triggers-dbus.drv'...
building '/nix/store/b4k0j4s3gisgcnn8ld6a0py7djdvz3mq-unit-dbus.service.drv'...
building '/nix/store/qzwkqmkb97awwkpc8nbqq0n3zlz7iv4z-unit-dbus.service.drv'...
building '/nix/store/hnfc13d0mwpslgw42rv01pbvhkdk9qdc-user-units.drv'...
building '/nix/store/61jf3hygc69s8y918zvvcaib8z8iqamz-system-units.drv'...
building '/nix/store/nqk7bras10y8p5hkjinhwkfnaqp0wwq4-etc.drv'...
building '/nix/store/1yzd2mdwvrfh84w0gywma6f05hcjq3gm-nixos-system-targaryen-24.05.20240303.b8697e5.drv'...
